<?xml version="1.0" encoding="UTF-8"?>
<!-- Generated by org.testng.reporters.JUnitXMLReporter -->
<testsuite ignored="0" hostname="PADMAJAGAJAVALLI" failures="1" tests="2" name="Test" time="0.066" errors="0" timestamp="2024-02-12T18:40:12 IST">
  <testcase classname="test.TestNG_demo2" name="@AfterTest tearDownTest" time="0.0">
    <failure type="java.lang.NullPointerException" message="Cannot invoke &amp;quot;org.openqa.selenium.WebDriver.close()&amp;quot; because &amp;quot;this.driver&amp;quot; is null">
      <![CDATA[java.lang.NullPointerException: Cannot invoke "org.openqa.selenium.WebDriver.close()" because "this.driver" is null
at test.TestNG_demo2.tearDownTest(TestNG_demo2.java:79)
... Removed 24 stack frames]]>
    </failure>
  </testcase> <!-- @AfterTest tearDownTest -->
  <testcase classname="test.TestNG_demo2" name="googleSearch2" time="0.003">
    <failure type="java.lang.NullPointerException" message="Cannot invoke &amp;quot;org.openqa.selenium.WebDriver.get(String)&amp;quot; because &amp;quot;this.driver&amp;quot; is null">
      <![CDATA[java.lang.NullPointerException: Cannot invoke "org.openqa.selenium.WebDriver.get(String)" because "this.driver" is null
at test.TestNG_demo2.googleSearch2(TestNG_demo2.java:51)
at java.base/java.util.ArrayList.forEach(ArrayList.java:1511)
... Removed 27 stack frames]]>
    </failure>
  </testcase> <!-- googleSearch2 -->
  <testcase classname="test.TestNG_demo2" name="googleSearch3" time="0.0"/>
</testsuite> <!-- Test -->
