<?xml version="1.0" encoding="UTF-8"?>
<!-- Generated by org.testng.reporters.JUnitXMLReporter -->
<testsuite ignored="1" hostname="PADMAJAGAJAVALLI" failures="0" tests="2" name="Test1" time="17.721" errors="0" timestamp="2024-02-05T21:32:17 IST">
  <testcase classname="test.TestNG_demo" name="googleSearch" time="6.69"/>
  <testcase classname="test.TestNG_demo2" name="googleSearch2" time="8.304"/>
  <testcase classname="test.TestNG_demo2" name="googleSearch3" time="0.0">
    <ignored/>
  </testcase> <!-- googleSearch3 -->
</testsuite> <!-- Test1 -->
