<?xml version="1.0" encoding="UTF-8"?>
<testng-results ignored="0" total="2" passed="2" failed="0" skipped="0">
  <reporter-output>
  </reporter-output>
  <suite started-at="2024-02-05T21:32:00 IST" name="Suite1" finished-at="2024-02-05T21:32:17 IST" duration-ms="17721">
    <groups>
    </groups>
    <test started-at="2024-02-05T21:32:00 IST" name="Test1" finished-at="2024-02-05T21:32:17 IST" duration-ms="17721">
      <class name="test.TestNG_demo">
        <test-method is-config="true" signature="setUpTest()[pri:0, instance:test.TestNG_demo@38cee291]" started-at="2024-02-05T21:32:00 IST" name="setUpTest" finished-at="2024-02-05T21:32:01 IST" duration-ms="1286" status="PASS">
          <reporter-output>
          </reporter-output>
        </test-method> <!-- setUpTest -->
        <test-method signature="googleSearch()[pri:0, instance:test.TestNG_demo@38cee291]" started-at="2024-02-05T21:32:02 IST" name="googleSearch" finished-at="2024-02-05T21:32:09 IST" duration-ms="6690" status="PASS">
          <reporter-output>
          </reporter-output>
        </test-method> <!-- googleSearch -->
        <test-method is-config="true" signature="tearDownTest()[pri:0, instance:test.TestNG_demo@38cee291]" started-at="2024-02-05T21:32:17 IST" name="tearDownTest" finished-at="2024-02-05T21:32:17 IST" duration-ms="246" status="PASS">
          <reporter-output>
          </reporter-output>
        </test-method> <!-- tearDownTest -->
      </class> <!-- test.TestNG_demo -->
      <class name="test.TestNG_demo2">
        <test-method is-config="true" signature="setUpTest()[pri:0, instance:test.TestNG_demo2@1ffaf86]" started-at="2024-02-05T21:32:01 IST" name="setUpTest" finished-at="2024-02-05T21:32:02 IST" duration-ms="944" status="PASS">
          <reporter-output>
          </reporter-output>
        </test-method> <!-- setUpTest -->
        <test-method signature="googleSearch2()[pri:0, instance:test.TestNG_demo2@1ffaf86]" started-at="2024-02-05T21:32:09 IST" name="googleSearch2" finished-at="2024-02-05T21:32:17 IST" duration-ms="8304" status="PASS">
          <reporter-output>
          </reporter-output>
        </test-method> <!-- googleSearch2 -->
        <test-method is-config="true" signature="tearDownTest()[pri:0, instance:test.TestNG_demo2@1ffaf86]" started-at="2024-02-05T21:32:17 IST" name="tearDownTest" finished-at="2024-02-05T21:32:17 IST" duration-ms="217" status="PASS">
          <reporter-output>
          </reporter-output>
        </test-method> <!-- tearDownTest -->
      </class> <!-- test.TestNG_demo2 -->
    </test> <!-- Test1 -->
  </suite> <!-- Suite1 -->
</testng-results>
