<?xml version="1.0" encoding="UTF-8"?>
<testng-results ignored="0" total="6" passed="6" failed="0" skipped="0">
  <reporter-output>
  </reporter-output>
  <suite started-at="2024-02-12T19:51:48 IST" name="Suite2" finished-at="2024-02-12T19:52:09 IST" duration-ms="21986">
    <groups>
    </groups>
    <test started-at="2024-02-12T19:51:48 IST" name="TestonEdge" finished-at="2024-02-12T19:52:06 IST" duration-ms="18588">
      <class name="test.TestNG_demo2">
        <test-method is-config="true" signature="setUpTest(java.lang.String)[pri:0, instance:test.TestNG_demo2@74e28667]" started-at="2024-02-12T19:51:48 IST" name="setUpTest" finished-at="2024-02-12T19:51:49 IST" duration-ms="1284" status="PASS">
          <params>
            <param index="0">
              <value>
                <![CDATA[edge]]>
              </value>
            </param>
          </params>
          <reporter-output>
          </reporter-output>
        </test-method> <!-- setUpTest -->
        <test-method signature="googleSearch2()[pri:0, instance:test.TestNG_demo2@74e28667]" started-at="2024-02-12T19:51:49 IST" name="googleSearch2" finished-at="2024-02-12T19:52:06 IST" duration-ms="17111" status="PASS">
          <reporter-output>
          </reporter-output>
        </test-method> <!-- googleSearch2 -->
        <test-method signature="googleSearch3()[pri:0, instance:test.TestNG_demo2@74e28667]" started-at="2024-02-12T19:52:06 IST" name="googleSearch3" finished-at="2024-02-12T19:52:06 IST" duration-ms="3" status="PASS">
          <reporter-output>
          </reporter-output>
        </test-method> <!-- googleSearch3 -->
        <test-method is-config="true" signature="tearDownTest()[pri:0, instance:test.TestNG_demo2@74e28667]" started-at="2024-02-12T19:52:06 IST" name="tearDownTest" finished-at="2024-02-12T19:52:06 IST" duration-ms="163" status="PASS">
          <reporter-output>
          </reporter-output>
        </test-method> <!-- tearDownTest -->
      </class> <!-- test.TestNG_demo2 -->
    </test> <!-- TestonEdge -->
    <test started-at="2024-02-12T19:51:48 IST" name="TestonFirefox" finished-at="2024-02-12T19:52:09 IST" duration-ms="21257">
      <class name="test.TestNG_demo2">
        <test-method is-config="true" signature="setUpTest(java.lang.String)[pri:0, instance:test.TestNG_demo2@74d1dc36]" started-at="2024-02-12T19:51:48 IST" name="setUpTest" finished-at="2024-02-12T19:51:50 IST" duration-ms="2711" status="PASS">
          <params>
            <param index="0">
              <value>
                <![CDATA[firefox]]>
              </value>
            </param>
          </params>
          <reporter-output>
          </reporter-output>
        </test-method> <!-- setUpTest -->
        <test-method signature="googleSearch2()[pri:0, instance:test.TestNG_demo2@74d1dc36]" started-at="2024-02-12T19:51:50 IST" name="googleSearch2" finished-at="2024-02-12T19:52:08 IST" duration-ms="17738" status="PASS">
          <reporter-output>
          </reporter-output>
        </test-method> <!-- googleSearch2 -->
        <test-method signature="googleSearch3()[pri:0, instance:test.TestNG_demo2@74d1dc36]" started-at="2024-02-12T19:52:08 IST" name="googleSearch3" finished-at="2024-02-12T19:52:08 IST" duration-ms="1" status="PASS">
          <reporter-output>
          </reporter-output>
        </test-method> <!-- googleSearch3 -->
        <test-method is-config="true" signature="tearDownTest()[pri:0, instance:test.TestNG_demo2@74d1dc36]" started-at="2024-02-12T19:52:08 IST" name="tearDownTest" finished-at="2024-02-12T19:52:09 IST" duration-ms="795" status="PASS">
          <reporter-output>
          </reporter-output>
        </test-method> <!-- tearDownTest -->
      </class> <!-- test.TestNG_demo2 -->
    </test> <!-- TestonFirefox -->
    <test started-at="2024-02-12T19:51:48 IST" name="TestonChrome" finished-at="2024-02-12T19:52:09 IST" duration-ms="21986">
      <class name="test.TestNG_demo2">
        <test-method is-config="true" signature="setUpTest(java.lang.String)[pri:0, instance:test.TestNG_demo2@2794eab6]" started-at="2024-02-12T19:51:48 IST" name="setUpTest" finished-at="2024-02-12T19:51:51 IST" duration-ms="3143" status="PASS">
          <params>
            <param index="0">
              <value>
                <![CDATA[chrome]]>
              </value>
            </param>
          </params>
          <reporter-output>
          </reporter-output>
        </test-method> <!-- setUpTest -->
        <test-method signature="googleSearch2()[pri:0, instance:test.TestNG_demo2@2794eab6]" started-at="2024-02-12T19:51:51 IST" name="googleSearch2" finished-at="2024-02-12T19:52:09 IST" duration-ms="18720" status="PASS">
          <reporter-output>
          </reporter-output>
        </test-method> <!-- googleSearch2 -->
        <test-method signature="googleSearch3()[pri:0, instance:test.TestNG_demo2@2794eab6]" started-at="2024-02-12T19:52:09 IST" name="googleSearch3" finished-at="2024-02-12T19:52:09 IST" duration-ms="0" status="PASS">
          <reporter-output>
          </reporter-output>
        </test-method> <!-- googleSearch3 -->
        <test-method is-config="true" signature="tearDownTest()[pri:0, instance:test.TestNG_demo2@2794eab6]" started-at="2024-02-12T19:52:09 IST" name="tearDownTest" finished-at="2024-02-12T19:52:09 IST" duration-ms="116" status="PASS">
          <reporter-output>
          </reporter-output>
        </test-method> <!-- tearDownTest -->
      </class> <!-- test.TestNG_demo2 -->
    </test> <!-- TestonChrome -->
  </suite> <!-- Suite2 -->
</testng-results>
